This file contains any messages produced by compilers while
running configure, to aid debugging if configure makes a mistake.

It was created by configure, which was
generated by GNU Autoconf 2.63.  Invocation command line was

  $ auto/configure --enable-pythoninterp --srcdir=. --cache-file=auto/config.cache

## --------- ##
## Platform. ##
## --------- ##

hostname = d4rKb0x
uname -m = x86_64
uname -r = 2.6.35-ARCH
uname -s = Linux
uname -v = #1 SMP PREEMPT Wed Sep 29 08:45:18 CEST 2010

/usr/bin/uname -p = unknown
/bin/uname -X     = unknown

/bin/arch              = x86_64
/usr/bin/arch -k       = unknown
/usr/convex/getsysinfo = unknown
/usr/bin/hostinfo      = unknown
/bin/machine           = unknown
/usr/bin/oslevel       = unknown
/bin/universe          = unknown

PATH: /home/reaper/bin/CodeSourcery/Sourcery_G++_Lite/bin
PATH: /bin
PATH: /usr/bin
PATH: /sbin
PATH: /usr/sbin
PATH: /usr/share/java/apache-ant/bin
PATH: /opt/java/bin
PATH: /opt/java/jre/bin
PATH: /usr/lib/perl5/vendor_perl/bin
PATH: /usr/bin/perlbin/vendor
PATH: /usr/lib/perl5/core_perl/bin
PATH: /usr/local/bin
PATH: ~/.bin
PATH: ~/.tools
PATH: .
PATH: /home/mpb/.ide/eclipse
PATH: .
PATH: ~/Code/AndroidRomDev/AOSP/
PATH: ~/Code/AndroidRomDev/SDK
PATH: /opt/java
PATH: /opt/java/bin
PATH: ~/Code/AndroidRomDev/SDK/tools
PATH: ~/Android/CyanogenMod/prebuilt/linux-x86/toolchain/arm-eabi-4.2.1/bin/
PATH: $HOME/.bin
PATH: /home/mpb/.bin
PATH: /usr/local/bin
PATH: ~/.bin
PATH: ~/.tools
PATH: .
PATH: /root/.ide/eclipse
PATH: .
PATH: ~/Android/AOSP/
PATH: ~/Android/SDK
PATH: /opt/java
PATH: /opt/java/bin
PATH: ~/Android/SDK/tools


## ----------- ##
## Core tests. ##
## ----------- ##

configure:1876: loading cache auto/config.cache
configure:1979: checking whether make sets $(MAKE)
configure:2001: result: yes
configure:2059: checking for gcc
configure:2086: result: gcc
configure:2318: checking for C compiler version
configure:2326: gcc --version >&5
gcc (GCC) 4.5.1
Copyright (C) 2010 Free Software Foundation, Inc.
This is free software; see the source for copying conditions.  There is NO
warranty; not even for MERCHANTABILITY or FITNESS FOR A PARTICULAR PURPOSE.

configure:2330: $? = 0
configure:2337: gcc -v >&5
Using built-in specs.
COLLECT_GCC=gcc
COLLECT_LTO_WRAPPER=/usr/lib/gcc/x86_64-unknown-linux-gnu/4.5.1/lto-wrapper
Target: x86_64-unknown-linux-gnu
Configured with: ../configure --prefix=/usr --enable-languages=c,c++,fortran,objc,obj-c++,ada --enable-shared --enable-threads=posix --enable-__cxa_atexit --enable-clocale=gnu --enable-gnu-unique-object --enable-lto --enable-plugin --disable-multilib --disable-libstdcxx-pch --with-system-zlib --with-ppl --with-cloog --libdir=/usr/lib --libexecdir=/usr/lib --mandir=/usr/share/man --infodir=/usr/share/info
Thread model: posix
gcc version 4.5.1 (GCC) 
configure:2341: $? = 0
configure:2348: gcc -V >&5
gcc: '-V' option must have argument
configure:2352: $? = 1
configure:2375: checking for C compiler default output file name
configure:2397: gcc    conftest.c  >&5
configure:2401: $? = 0
configure:2439: result: a.out
configure:2458: checking whether the C compiler works
configure:2468: ./a.out
configure:2472: $? = 0
configure:2491: result: yes
configure:2498: checking whether we are cross compiling
configure:2500: result: no
configure:2503: checking for suffix of executables
configure:2510: gcc -o conftest    conftest.c  >&5
configure:2514: $? = 0
configure:2540: result: 
configure:2546: checking for suffix of object files
configure:2601: result: o
configure:2605: checking whether we are using the GNU C compiler
configure:2658: result: yes
configure:2667: checking whether gcc accepts -g
configure:2805: result: yes
configure:2822: checking for gcc option to accept ISO C89
configure:2926: result: none needed
configure:2948: checking how to run the C preprocessor
configure:3066: result: gcc -E
configure:3095: gcc -E  conftest.c
configure:3102: $? = 0
configure:3133: gcc -E  conftest.c
conftest.c:9:28: fatal error: ac_nonexistent.h: No such file or directory
compilation terminated.
configure:3140: $? = 1
configure: failed program was:
| /* confdefs.h.  */
| #define PACKAGE_NAME ""
| #define PACKAGE_TARNAME ""
| #define PACKAGE_VERSION ""
| #define PACKAGE_STRING ""
| #define PACKAGE_BUGREPORT ""
| #define UNIX 1
| /* end confdefs.h.  */
| #include <ac_nonexistent.h>
configure:3180: checking for grep that handles long lines and -e
configure:3240: result: /bin/grep
configure:3245: checking for egrep
configure:3309: result: /bin/grep -E
configure:3323: checking for library containing strerror
configure:3402: result: none required
configure:3413: checking for gawk
configure:3440: result: gawk
configure:3453: checking for strip
configure:3481: result: strip
configure:3492: checking for ANSI C header files
configure:3660: result: yes
configure:3670: checking for sys/wait.h that is POSIX.1 compatible
configure:3728: result: yes
configure:3767: checking for buggy tools...
configure:3774: checking for BeOS
configure:3780: result: no
configure:3784: checking for QNX
configure:3791: result: no
configure:3795: checking for Darwin (Mac OS X)
configure:4255: result: no
configure:4263: checking --with-local-dir argument
configure:4289: result: Defaulting to /usr/local
configure:4314: checking --with-vim-name argument
configure:4322: result: Defaulting to vim
configure:4327: checking --with-ex-name argument
configure:4335: result: Defaulting to ex
configure:4340: checking --with-view-name argument
configure:4348: result: Defaulting to view
configure:4354: checking --with-global-runtime argument
configure:4365: result: no
configure:4370: checking --with-modified-by argument
configure:4381: result: no
configure:4386: checking if character set is EBCDIC
configure:4415: gcc -c -g -O2  conftest.c >&5
conftest.c: In function 'main':
conftest.c:20:1: error: 'make' undeclared (first use in this function)
conftest.c:20:1: note: each undeclared identifier is reported only once for each function it appears in
conftest.c:20:6: error: expected ';' before 'an'
configure:4422: $? = 1
configure: failed program was:
| /* confdefs.h.  */
| #define PACKAGE_NAME ""
| #define PACKAGE_TARNAME ""
| #define PACKAGE_VERSION ""
| #define PACKAGE_STRING ""
| #define PACKAGE_BUGREPORT ""
| #define UNIX 1
| #define STDC_HEADERS 1
| #define HAVE_SYS_WAIT_H 1
| /* end confdefs.h.  */
| 
| int
| main ()
| {
|  /* TryCompile function for CharSet.
|    Treat any failure as ASCII for compatibility with existing art.
|    Use compile-time rather than run-time tests for cross-compiler
|    tolerance.  */
| #if '0'!=240
| make an error "Character set is not EBCDIC"
| #endif
|   ;
|   return 0;
| }
configure:4440: result: no
configure:4491: checking --disable-selinux argument
configure:4501: result: no
configure:4503: checking for is_selinux_enabled in -lselinux
configure:4566: result: no
configure:4582: checking --with-features argument
configure:4590: result: Defaulting to normal
configure:4628: checking --with-compiledby argument
configure:4636: result: no
configure:4642: checking --disable-xsmp argument
configure:4653: result: no
configure:4655: checking --disable-xsmp-interact argument
configure:4665: result: no
configure:4680: checking --enable-mzschemeinterp argument
configure:4689: result: no
configure:4873: checking --enable-perlinterp argument
configure:4882: result: no
configure:5076: checking --enable-pythoninterp argument
configure:5085: result: yes
configure:5090: checking for python
configure:5120: result: /usr/bin/python
configure:5130: checking Python version
configure:5139: result: 2.7
configure:5142: checking Python is 1.4 or better
configure:5147: result: yep
configure:5150: checking Python's install prefix
configure:5159: result: /usr
configure:5162: checking Python's execution prefix
configure:5171: result: /usr
configure:5193: checking Python's configuration directory
configure:5210: result: /usr/lib/python2.7/config
configure:5268: checking if -pthread should be used
configure:5305: gcc -o conftest -g -O2 -pthread   -L/usr/local/lib conftest.c   >&5
configure:5312: $? = 0
configure:5320: result: yes
configure:5340: checking if compile and link flags for Python are sane
configure:5367: gcc -o conftest -g -O2 -I/usr/include/python2.7 -pthread   -L/usr/local/lib conftest.c   -L/usr/lib/python2.7/config -lpython2.7 -lpthread -ldl -lutil -lm -Xlinker -export-dynamic >&5
configure:5374: $? = 0
configure:5382: result: yes
configure:5424: checking --enable-tclinterp argument
configure:5433: result: no
configure:5766: checking --enable-rubyinterp argument
configure:5775: result: no
configure:5901: checking --enable-cscope argument
configure:5910: result: no
configure:5919: checking --enable-workshop argument
configure:5928: result: no
configure:5944: checking --disable-netbeans argument
configure:5954: result: no
configure:5957: checking for socket in -lsocket
configure:6020: result: no
configure:6032: checking for gethostbyname in -lnsl
configure:6095: result: yes
configure:6106: checking whether compiling netbeans integration is possible
configure:6152: gcc -o conftest -g -O2   -L/usr/local/lib conftest.c -lnsl   >&5
configure:6159: $? = 0
configure:6167: result: yes
configure:6195: checking --enable-sniff argument
configure:6204: result: no
configure:6217: checking --enable-multibyte argument
configure:6226: result: no
configure:6235: checking --enable-hangulinput argument
configure:6244: result: no
configure:6247: checking --enable-xim argument
configure:6254: result: defaulting to auto
configure:6259: checking --enable-fontset argument
configure:6268: result: no
configure:6280: checking for xmkmf
configure:6313: result: no
configure:6319: checking for X
configure:6559: result: libraries , headers 
configure:6728: gcc -o conftest -g -O2   -L/usr/local/lib conftest.c -lnsl    -lX11 >&5
configure:6735: $? = 0
configure:6903: checking for gethostbyname
configure:6986: result: yes
configure:7139: checking for connect
configure:7222: result: yes
configure:7298: checking for remove
configure:7381: result: yes
configure:7457: checking for shmat
configure:7540: result: yes
configure:7625: checking for IceConnectionNumber in -lICE
configure:7688: result: yes
configure:7729: checking if X11 header files can be found
configure:7755: gcc -c -g -O2    conftest.c >&5
configure:7762: $? = 0
configure:7767: result: yes
configure:7793: checking for _XdmcpAuthDoIt in -lXdmcp
configure:7856: result: yes
configure:7863: checking for IceOpenConnection in -lICE
configure:7926: result: yes
configure:7934: checking for XpmCreatePixmapFromData in -lXpm
configure:7997: result: yes
configure:8004: checking if X11 header files implicitly declare return values
configure:8029: gcc -c -g -O2   -Werror  conftest.c >&5
configure:8036: $? = 0
configure:8041: result: no
configure:8101: checking size of wchar_t is 2 bytes
configure:8168: result: no
configure:8182: checking --enable-gui argument
configure:8244: result: yes/auto - automatic GUI support
configure:8285: checking whether or not to look for GTK
configure:8294: result: yes
configure:8304: checking whether or not to look for GTK+ 2
configure:8313: result: yes
configure:8322: checking whether or not to look for GNOME
configure:8331: result: no
configure:8339: checking whether or not to look for Motif
configure:8348: result: yes
configure:8356: checking whether or not to look for Athena
configure:8365: result: yes
configure:8373: checking whether or not to look for neXtaw
configure:8382: result: yes
configure:8390: checking whether or not to look for Carbon
configure:8399: result: yes
configure:8443: checking --with-gtk-prefix argument
configure:8451: result: no
configure:8456: checking --with-gtk-exec-prefix argument
configure:8464: result: no
configure:8469: checking --disable-gtktest argument
configure:8479: result: gtk test enabled
configure:8497: checking for gtk-config
configure:8528: result: /usr/bin/gtk-config
configure:8587: checking for pkg-config
configure:8618: result: /usr/bin/pkg-config
configure:8634: checking for GTK - version >= 2.2.0
configure:8723: gcc -o conftest -g -O2 -pthread -I/usr/include/gtk-2.0 -I/usr/lib/gtk-2.0/include -I/usr/include/atk-1.0 -I/usr/include/cairo -I/usr/include/gdk-pixbuf-2.0 -I/usr/include/pango-1.0 -I/usr/include/glib-2.0 -I/usr/lib/glib-2.0/include -I/usr/include/pixman-1 -I/usr/include/freetype2 -I/usr/include/libpng14     -L/usr/local/lib conftest.c -lnsl   -pthread -lgtk-x11-2.0 -lgdk-x11-2.0 -latk-1.0 -lgio-2.0 -lpangoft2-1.0 -lpangocairo-1.0 -lgdk_pixbuf-2.0 -lm -lcairo -lpng14 -lpango-1.0 -lfreetype -lfontconfig -lgobject-2.0 -lgmodule-2.0 -lgthread-2.0 -lrt -lglib-2.0   >&5
configure:8727: $? = 0
configure:8733: ./conftest
configure:8737: $? = 0
configure:8759: result: yes; found version 2.22.0
configure:9776: checking for X11/SM/SMlib.h
configure:9783: result: yes
configure:9930: checking for X11/xpm.h
configure:9937: result: yes
configure:9930: checking for X11/Sunkeysym.h
configure:9937: result: yes
configure:10073: checking for XIMText in X11/Xlib.h
configure:10085: result: yes
configure:10098: result: X GUI selected; xim has been enabled
configure:10447: checking whether toupper is broken
configure:10512: result: no
configure:10522: checking whether __DATE__ and __TIME__ work
configure:10545: gcc -c -g -O2  conftest.c >&5
configure:10552: $? = 0
configure:10557: result: yes
configure:10572: checking whether __attribute__((unused)) is allowed
configure:10595: gcc -c -g -O2  conftest.c >&5
configure:10602: $? = 0
configure:10607: result: yes
configure:10623: checking for elf.h
configure:10628: result: yes
configure:10756: checking for main in -lelf
configure:10813: result: yes
configure:10834: checking for dirent.h that defines DIR
configure:10887: result: yes
configure:10902: checking for library containing opendir
configure:10981: result: none required
configure:11188: checking for stdarg.h
configure:11195: result: yes
configure:11188: checking for stdlib.h
configure:11195: result: yes
configure:11188: checking for string.h
configure:11195: result: yes
configure:11188: checking for sys/select.h
configure:11195: result: yes
configure:11188: checking for sys/utsname.h
configure:11195: result: yes
configure:11188: checking for termcap.h
configure:11195: result: yes
configure:11188: checking for fcntl.h
configure:11195: result: yes
configure:11188: checking for sgtty.h
configure:11195: result: yes
configure:11188: checking for sys/ioctl.h
configure:11195: result: yes
configure:11188: checking for sys/time.h
configure:11195: result: yes
configure:11188: checking for sys/types.h
configure:11195: result: yes
configure:11188: checking for termio.h
configure:11195: result: yes
configure:11188: checking for iconv.h
configure:11195: result: yes
configure:11188: checking for langinfo.h
configure:11195: result: yes
configure:11188: checking for math.h
configure:11195: result: yes
configure:11188: checking for unistd.h
configure:11195: result: yes
configure:11188: checking for stropts.h
configure:11195: result: yes
configure:11188: checking for errno.h
configure:11195: result: yes
configure:11188: checking for sys/resource.h
configure:11195: result: yes
configure:11188: checking for sys/systeminfo.h
configure:11195: result: no
configure:11188: checking for locale.h
configure:11195: result: yes
configure:11188: checking for sys/stream.h
configure:11195: result: no
configure:11188: checking for termios.h
configure:11195: result: yes
configure:11188: checking for libc.h
configure:11195: result: no
configure:11188: checking for sys/statfs.h
configure:11195: result: yes
configure:11188: checking for poll.h
configure:11195: result: yes
configure:11188: checking for sys/poll.h
configure:11195: result: yes
configure:11188: checking for pwd.h
configure:11195: result: yes
configure:11188: checking for utime.h
configure:11195: result: yes
configure:11188: checking for sys/param.h
configure:11195: result: yes
configure:11188: checking for libintl.h
configure:11195: result: yes
configure:11188: checking for libgen.h
configure:11195: result: yes
configure:11188: checking for util/debug.h
configure:11195: result: no
configure:11188: checking for util/msg18n.h
configure:11195: result: no
configure:11188: checking for frame.h
configure:11195: result: no
configure:11188: checking for sys/acl.h
configure:11195: result: yes
configure:11188: checking for sys/access.h
configure:11195: result: no
configure:11188: checking for sys/sysinfo.h
configure:11195: result: yes
configure:11188: checking for wchar.h
configure:11195: result: yes
configure:11188: checking for wctype.h
configure:11195: result: yes
configure:11334: checking for sys/ptem.h
configure:11381: result: no
configure:11399: checking for sys/sysctl.h
configure:11446: result: yes
configure:11461: checking for pthread_np.h
configure:11486: gcc -c -g -O2  conftest.c >&5
conftest.c:63:24: fatal error: pthread_np.h: No such file or directory
compilation terminated.
configure:11493: $? = 1
configure: failed program was:
| /* confdefs.h.  */
| #define PACKAGE_NAME ""
| #define PACKAGE_TARNAME ""
| #define PACKAGE_VERSION ""
| #define PACKAGE_STRING ""
| #define PACKAGE_BUGREPORT ""
| #define UNIX 1
| #define STDC_HEADERS 1
| #define HAVE_SYS_WAIT_H 1
| #define FEAT_NORMAL 1
| #define USE_XSMP_INTERACT 1
| #define FEAT_PYTHON 1
| #define HAVE_LIBNSL 1
| #define FEAT_NETBEANS_INTG 1
| #define HAVE_X11 1
| #define HAVE_GTK2 1
| #define HAVE_GTK_MULTIHEAD 1
| #define HAVE_X11_SM_SMLIB_H 1
| #define HAVE_X11_XPM_H 1
| #define HAVE_X11_SUNKEYSYM_H 1
| #define FEAT_XIM 1
| #define HAVE_DATE_TIME 1
| #define HAVE_ATTRIBUTE_UNUSED 1
| #define HAVE_LIBELF 1
| #define HAVE_DIRENT_H 1
| #define HAVE_STDARG_H 1
| #define HAVE_STDLIB_H 1
| #define HAVE_STRING_H 1
| #define HAVE_SYS_SELECT_H 1
| #define HAVE_SYS_UTSNAME_H 1
| #define HAVE_TERMCAP_H 1
| #define HAVE_FCNTL_H 1
| #define HAVE_SGTTY_H 1
| #define HAVE_SYS_IOCTL_H 1
| #define HAVE_SYS_TIME_H 1
| #define HAVE_SYS_TYPES_H 1
| #define HAVE_TERMIO_H 1
| #define HAVE_ICONV_H 1
| #define HAVE_LANGINFO_H 1
| #define HAVE_MATH_H 1
| #define HAVE_UNISTD_H 1
| #define HAVE_STROPTS_H 1
| #define HAVE_ERRNO_H 1
| #define HAVE_SYS_RESOURCE_H 1
| #define HAVE_LOCALE_H 1
| #define HAVE_TERMIOS_H 1
| #define HAVE_SYS_STATFS_H 1
| #define HAVE_POLL_H 1
| #define HAVE_SYS_POLL_H 1
| #define HAVE_PWD_H 1
| #define HAVE_UTIME_H 1
| #define HAVE_SYS_PARAM_H 1
| #define HAVE_LIBINTL_H 1
| #define HAVE_LIBGEN_H 1
| #define HAVE_SYS_ACL_H 1
| #define HAVE_SYS_SYSINFO_H 1
| #define HAVE_WCHAR_H 1
| #define HAVE_WCTYPE_H 1
| #define HAVE_SYS_SYSCTL_H 1
| /* end confdefs.h.  */
| 
| #include <pthread.h>
| #include <pthread_np.h>
| int
| main ()
| {
| int i; i = 0;
|   ;
|   return 0;
| }
configure:11508: result: no
configure:11519: checking for strings.h
configure:11526: result: yes
configure:11667: checking if strings.h can be included after string.h
configure:11706: gcc -c -g -O2    conftest.c >&5
configure:11713: $? = 0
configure:11718: result: yes
configure:11737: checking whether gcc needs -traditional
configure:11779: result: no
configure:11786: checking for an ANSI C-conforming const
configure:11883: result: yes
configure:11893: checking for working volatile
configure:11944: result: yes
configure:11954: checking for mode_t
configure:12046: result: yes
configure:12058: checking for off_t
configure:12150: result: yes
configure:12162: checking for pid_t
configure:12254: result: yes
configure:12266: checking for size_t
configure:12358: result: yes
configure:12370: checking for uid_t in sys/types.h
configure:12393: result: yes
configure:12408: checking whether time.h and sys/time.h may both be included
configure:12460: result: yes
configure:12470: checking for ino_t
configure:12562: result: yes
configure:12574: checking for dev_t
configure:12666: result: yes
configure:12679: checking for rlim_t
configure:12682: result: (cached) yes
configure:12719: checking for stack_t
configure:12722: result: (cached) yes
configure:12757: checking whether stack_t has an ss_base field
configure:12788: gcc -c -g -O2  conftest.c >&5
conftest.c: In function 'main':
conftest.c:75:23: error: 'stack_t' has no member named 'ss_base'
configure:12795: $? = 1
configure: failed program was:
| /* confdefs.h.  */
| #define PACKAGE_NAME ""
| #define PACKAGE_TARNAME ""
| #define PACKAGE_VERSION ""
| #define PACKAGE_STRING ""
| #define PACKAGE_BUGREPORT ""
| #define UNIX 1
| #define STDC_HEADERS 1
| #define HAVE_SYS_WAIT_H 1
| #define FEAT_NORMAL 1
| #define USE_XSMP_INTERACT 1
| #define FEAT_PYTHON 1
| #define HAVE_LIBNSL 1
| #define FEAT_NETBEANS_INTG 1
| #define HAVE_X11 1
| #define HAVE_GTK2 1
| #define HAVE_GTK_MULTIHEAD 1
| #define HAVE_X11_SM_SMLIB_H 1
| #define HAVE_X11_XPM_H 1
| #define HAVE_X11_SUNKEYSYM_H 1
| #define FEAT_XIM 1
| #define HAVE_DATE_TIME 1
| #define HAVE_ATTRIBUTE_UNUSED 1
| #define HAVE_LIBELF 1
| #define HAVE_DIRENT_H 1
| #define HAVE_STDARG_H 1
| #define HAVE_STDLIB_H 1
| #define HAVE_STRING_H 1
| #define HAVE_SYS_SELECT_H 1
| #define HAVE_SYS_UTSNAME_H 1
| #define HAVE_TERMCAP_H 1
| #define HAVE_FCNTL_H 1
| #define HAVE_SGTTY_H 1
| #define HAVE_SYS_IOCTL_H 1
| #define HAVE_SYS_TIME_H 1
| #define HAVE_SYS_TYPES_H 1
| #define HAVE_TERMIO_H 1
| #define HAVE_ICONV_H 1
| #define HAVE_LANGINFO_H 1
| #define HAVE_MATH_H 1
| #define HAVE_UNISTD_H 1
| #define HAVE_STROPTS_H 1
| #define HAVE_ERRNO_H 1
| #define HAVE_SYS_RESOURCE_H 1
| #define HAVE_LOCALE_H 1
| #define HAVE_TERMIOS_H 1
| #define HAVE_SYS_STATFS_H 1
| #define HAVE_POLL_H 1
| #define HAVE_SYS_POLL_H 1
| #define HAVE_PWD_H 1
| #define HAVE_UTIME_H 1
| #define HAVE_SYS_PARAM_H 1
| #define HAVE_LIBINTL_H 1
| #define HAVE_LIBGEN_H 1
| #define HAVE_SYS_ACL_H 1
| #define HAVE_SYS_SYSINFO_H 1
| #define HAVE_WCHAR_H 1
| #define HAVE_WCTYPE_H 1
| #define HAVE_SYS_SYSCTL_H 1
| #define HAVE_STRINGS_H 1
| #define TIME_WITH_SYS_TIME 1
| /* end confdefs.h.  */
| 
| #include <sys/types.h>
| #if STDC_HEADERS
| # include <stdlib.h>
| # include <stddef.h>
| #endif
| #include <signal.h>
| #include "confdefs.h"
| 
| int
| main ()
| {
| stack_t sigstk; sigstk.ss_base = 0;
|   ;
|   return 0;
| }
configure:12809: result: no
configure:12816: checking --with-tlib argument
configure:12882: result: empty: automatic terminal library selection
configure:12891: checking for tgetent in -lncurses
configure:12956: result: yes
configure:12995: gcc -o conftest -g -O2   -L/usr/local/lib conftest.c -lncurses -lelf -lnsl   >&5
configure:12999: $? = 0
configure:13005: ./conftest
configure:13009: $? = 0
configure:13098: checking whether we talk terminfo
configure:13170: result: yes
configure:13181: checking what tgetent() returns for an unknown terminal
configure:13250: result: zero
configure:13261: checking whether termcap.h contains ospeed
configure:13288: gcc -o conftest -g -O2   -L/usr/local/lib conftest.c -lncurses -lelf -lnsl   >&5
configure:13295: $? = 0
configure:13303: result: yes
configure:13380: checking whether termcap.h contains UP, BC and PC
configure:13407: gcc -o conftest -g -O2   -L/usr/local/lib conftest.c -lncurses -lelf -lnsl   >&5
configure:13414: $? = 0
configure:13422: result: yes
configure:13499: checking whether tputs() uses outfuntype
configure:13526: gcc -c -g -O2  conftest.c >&5
conftest.c: In function 'main':
conftest.c:76:36: error: 'outfuntype' undeclared (first use in this function)
conftest.c:76:36: note: each undeclared identifier is reported only once for each function it appears in
conftest.c:76:47: error: expected ')' before 'xx'
configure:13533: $? = 1
configure: failed program was:
| /* confdefs.h.  */
| #define PACKAGE_NAME ""
| #define PACKAGE_TARNAME ""
| #define PACKAGE_VERSION ""
| #define PACKAGE_STRING ""
| #define PACKAGE_BUGREPORT ""
| #define UNIX 1
| #define STDC_HEADERS 1
| #define HAVE_SYS_WAIT_H 1
| #define FEAT_NORMAL 1
| #define USE_XSMP_INTERACT 1
| #define FEAT_PYTHON 1
| #define HAVE_LIBNSL 1
| #define FEAT_NETBEANS_INTG 1
| #define HAVE_X11 1
| #define HAVE_GTK2 1
| #define HAVE_GTK_MULTIHEAD 1
| #define HAVE_X11_SM_SMLIB_H 1
| #define HAVE_X11_XPM_H 1
| #define HAVE_X11_SUNKEYSYM_H 1
| #define FEAT_XIM 1
| #define HAVE_DATE_TIME 1
| #define HAVE_ATTRIBUTE_UNUSED 1
| #define HAVE_LIBELF 1
| #define HAVE_DIRENT_H 1
| #define HAVE_STDARG_H 1
| #define HAVE_STDLIB_H 1
| #define HAVE_STRING_H 1
| #define HAVE_SYS_SELECT_H 1
| #define HAVE_SYS_UTSNAME_H 1
| #define HAVE_TERMCAP_H 1
| #define HAVE_FCNTL_H 1
| #define HAVE_SGTTY_H 1
| #define HAVE_SYS_IOCTL_H 1
| #define HAVE_SYS_TIME_H 1
| #define HAVE_SYS_TYPES_H 1
| #define HAVE_TERMIO_H 1
| #define HAVE_ICONV_H 1
| #define HAVE_LANGINFO_H 1
| #define HAVE_MATH_H 1
| #define HAVE_UNISTD_H 1
| #define HAVE_STROPTS_H 1
| #define HAVE_ERRNO_H 1
| #define HAVE_SYS_RESOURCE_H 1
| #define HAVE_LOCALE_H 1
| #define HAVE_TERMIOS_H 1
| #define HAVE_SYS_STATFS_H 1
| #define HAVE_POLL_H 1
| #define HAVE_SYS_POLL_H 1
| #define HAVE_PWD_H 1
| #define HAVE_UTIME_H 1
| #define HAVE_SYS_PARAM_H 1
| #define HAVE_LIBINTL_H 1
| #define HAVE_LIBGEN_H 1
| #define HAVE_SYS_ACL_H 1
| #define HAVE_SYS_SYSINFO_H 1
| #define HAVE_WCHAR_H 1
| #define HAVE_WCTYPE_H 1
| #define HAVE_SYS_SYSCTL_H 1
| #define HAVE_STRINGS_H 1
| #define TIME_WITH_SYS_TIME 1
| #define HAVE_LIBNCURSES 1
| #define TERMINFO 1
| #define TGETENT_ZERO_ERR 0
| #define HAVE_OSPEED 1
| #define HAVE_UP_BC_PC 1
| /* end confdefs.h.  */
| 
| #ifdef HAVE_TERMCAP_H
| # include <termcap.h>
| #endif
| 
| int
| main ()
| {
| extern int xx(); tputs("test", 1, (outfuntype)xx)
|   ;
|   return 0;
| }
configure:13547: result: no
configure:13553: checking whether sys/select.h and sys/time.h may both be included
configure:13579: gcc -c -g -O2  conftest.c >&5
configure:13586: $? = 0
configure:13591: result: yes
configure:13608: checking for /dev/ptc
configure:13618: result: no
configure:13622: checking for SVR4 ptys
configure:13646: gcc -o conftest -g -O2   -L/usr/local/lib conftest.c -lncurses -lelf -lnsl   >&5
configure:13653: $? = 0
configure:13661: result: yes
configure:13682: checking for ptyranges
configure:13722: result: don't know
configure:13727: checking default tty permissions/group
configure:13834: result: world
configure:13856: checking return type of signal handlers
configure:13906: result: void
configure:13927: checking for struct sigcontext
configure:13957: gcc -c -g -O2  conftest.c >&5
configure:13964: $? = 0
configure:13969: result: yes
configure:13985: checking getcwd implementation is broken
configure:14056: result: no
configure:14120: checking for bcmp
configure:14205: result: yes
configure:14120: checking for fchdir
configure:14205: result: yes
configure:14120: checking for fchown
configure:14205: result: yes
configure:14120: checking for fsync
configure:14205: result: yes
configure:14120: checking for getcwd
configure:14205: result: yes
configure:14120: checking for getpseudotty
configure:14205: result: no
configure:14120: checking for getpwnam
configure:14205: result: yes
configure:14120: checking for getpwuid
configure:14205: result: yes
configure:14120: checking for getrlimit
configure:14205: result: yes
configure:14120: checking for gettimeofday
configure:14205: result: yes
configure:14120: checking for getwd
configure:14205: result: yes
configure:14120: checking for lstat
configure:14205: result: yes
configure:14120: checking for memcmp
configure:14205: result: yes
configure:14120: checking for memset
configure:14205: result: yes
configure:14120: checking for mkdtemp
configure:14205: result: yes
configure:14120: checking for nanosleep
configure:14205: result: yes
configure:14120: checking for opendir
configure:14205: result: yes
configure:14120: checking for putenv
configure:14205: result: yes
configure:14120: checking for qsort
configure:14205: result: yes
configure:14120: checking for readlink
configure:14205: result: yes
configure:14120: checking for select
configure:14205: result: yes
configure:14120: checking for setenv
configure:14205: result: yes
configure:14120: checking for setpgid
configure:14205: result: yes
configure:14120: checking for setsid
configure:14205: result: yes
configure:14120: checking for sigaltstack
configure:14205: result: yes
configure:14120: checking for sigstack
configure:14205: result: yes
configure:14120: checking for sigset
configure:14205: result: yes
configure:14120: checking for sigsetjmp
configure:14205: result: no
configure:14120: checking for sigaction
configure:14205: result: yes
configure:14120: checking for sigvec
configure:14205: result: yes
configure:14120: checking for strcasecmp
configure:14205: result: yes
configure:14120: checking for strerror
configure:14205: result: yes
configure:14120: checking for strftime
configure:14205: result: yes
configure:14120: checking for stricmp
configure:14205: result: no
configure:14120: checking for strncasecmp
configure:14205: result: yes
configure:14120: checking for strnicmp
configure:14205: result: no
configure:14120: checking for strpbrk
configure:14205: result: yes
configure:14120: checking for strtol
configure:14205: result: yes
configure:14120: checking for tgetent
configure:14205: result: yes
configure:14120: checking for towlower
configure:14205: result: yes
configure:14120: checking for towupper
configure:14205: result: yes
configure:14120: checking for iswupper
configure:14205: result: yes
configure:14120: checking for usleep
configure:14205: result: yes
configure:14120: checking for utime
configure:14205: result: yes
configure:14120: checking for utimes
configure:14205: result: yes
configure:14217: checking for _LARGEFILE_SOURCE value needed for large files
configure:14326: result: no
configure:14357: checking for special C compiler options needed for large files
configure:14452: result: no
configure:14458: checking for _FILE_OFFSET_BITS value needed for large files
configure:14569: result: no
configure:14707: checking for st_blksize
configure:14735: gcc -c -g -O2  conftest.c >&5
configure:14742: $? = 0
configure:14747: result: yes
configure:14762: checking whether stat() ignores a trailing slash
configure:14829: result: no
configure:14839: checking for iconv_open()
configure:14868: gcc -o conftest -g -O2   -L/usr/local/lib conftest.c -lncurses -lelf -lnsl   -liconv >&5
/usr/bin/ld: cannot find -liconv
collect2: ld returned 1 exit status
configure:14875: $? = 1
configure: failed program was:
| /* confdefs.h.  */
| #define PACKAGE_NAME ""
| #define PACKAGE_TARNAME ""
| #define PACKAGE_VERSION ""
| #define PACKAGE_STRING ""
| #define PACKAGE_BUGREPORT ""
| #define UNIX 1
| #define STDC_HEADERS 1
| #define HAVE_SYS_WAIT_H 1
| #define FEAT_NORMAL 1
| #define USE_XSMP_INTERACT 1
| #define FEAT_PYTHON 1
| #define HAVE_LIBNSL 1
| #define FEAT_NETBEANS_INTG 1
| #define HAVE_X11 1
| #define HAVE_GTK2 1
| #define HAVE_GTK_MULTIHEAD 1
| #define HAVE_X11_SM_SMLIB_H 1
| #define HAVE_X11_XPM_H 1
| #define HAVE_X11_SUNKEYSYM_H 1
| #define FEAT_XIM 1
| #define HAVE_DATE_TIME 1
| #define HAVE_ATTRIBUTE_UNUSED 1
| #define HAVE_LIBELF 1
| #define HAVE_DIRENT_H 1
| #define HAVE_STDARG_H 1
| #define HAVE_STDLIB_H 1
| #define HAVE_STRING_H 1
| #define HAVE_SYS_SELECT_H 1
| #define HAVE_SYS_UTSNAME_H 1
| #define HAVE_TERMCAP_H 1
| #define HAVE_FCNTL_H 1
| #define HAVE_SGTTY_H 1
| #define HAVE_SYS_IOCTL_H 1
| #define HAVE_SYS_TIME_H 1
| #define HAVE_SYS_TYPES_H 1
| #define HAVE_TERMIO_H 1
| #define HAVE_ICONV_H 1
| #define HAVE_LANGINFO_H 1
| #define HAVE_MATH_H 1
| #define HAVE_UNISTD_H 1
| #define HAVE_STROPTS_H 1
| #define HAVE_ERRNO_H 1
| #define HAVE_SYS_RESOURCE_H 1
| #define HAVE_LOCALE_H 1
| #define HAVE_TERMIOS_H 1
| #define HAVE_SYS_STATFS_H 1
| #define HAVE_POLL_H 1
| #define HAVE_SYS_POLL_H 1
| #define HAVE_PWD_H 1
| #define HAVE_UTIME_H 1
| #define HAVE_SYS_PARAM_H 1
| #define HAVE_LIBINTL_H 1
| #define HAVE_LIBGEN_H 1
| #define HAVE_SYS_ACL_H 1
| #define HAVE_SYS_SYSINFO_H 1
| #define HAVE_WCHAR_H 1
| #define HAVE_WCTYPE_H 1
| #define HAVE_SYS_SYSCTL_H 1
| #define HAVE_STRINGS_H 1
| #define TIME_WITH_SYS_TIME 1
| #define HAVE_LIBNCURSES 1
| #define TERMINFO 1
| #define TGETENT_ZERO_ERR 0
| #define HAVE_OSPEED 1
| #define HAVE_UP_BC_PC 1
| #define SYS_SELECT_WITH_SYS_TIME 1
| #define HAVE_SVR4_PTYS 1
| #define RETSIGTYPE void
| #define SIGRETURN return
| #define HAVE_SIGCONTEXT 1
| #define HAVE_BCMP 1
| #define HAVE_FCHDIR 1
| #define HAVE_FCHOWN 1
| #define HAVE_FSYNC 1
| #define HAVE_GETCWD 1
| #define HAVE_GETPWNAM 1
| #define HAVE_GETPWUID 1
| #define HAVE_GETRLIMIT 1
| #define HAVE_GETTIMEOFDAY 1
| #define HAVE_GETWD 1
| #define HAVE_LSTAT 1
| #define HAVE_MEMCMP 1
| #define HAVE_MEMSET 1
| #define HAVE_MKDTEMP 1
| #define HAVE_NANOSLEEP 1
| #define HAVE_OPENDIR 1
| #define HAVE_PUTENV 1
| #define HAVE_QSORT 1
| #define HAVE_READLINK 1
| #define HAVE_SELECT 1
| #define HAVE_SETENV 1
| #define HAVE_SETPGID 1
| #define HAVE_SETSID 1
| #define HAVE_SIGALTSTACK 1
| #define HAVE_SIGSTACK 1
| #define HAVE_SIGSET 1
| #define HAVE_SIGACTION 1
| #define HAVE_SIGVEC 1
| #define HAVE_STRCASECMP 1
| #define HAVE_STRERROR 1
| #define HAVE_STRFTIME 1
| #define HAVE_STRNCASECMP 1
| #define HAVE_STRPBRK 1
| #define HAVE_STRTOL 1
| #define HAVE_TGETENT 1
| #define HAVE_TOWLOWER 1
| #define HAVE_TOWUPPER 1
| #define HAVE_ISWUPPER 1
| #define HAVE_USLEEP 1
| #define HAVE_UTIME 1
| #define HAVE_UTIMES 1
| #define HAVE_FSEEKO 1
| #define HAVE_ST_BLKSIZE 1
| /* end confdefs.h.  */
| 
| #ifdef HAVE_ICONV_H
| # include <iconv.h>
| #endif
| 
| int
| main ()
| {
| iconv_open("fr", "to");
|   ;
|   return 0;
| }
configure:14918: gcc -o conftest -g -O2   -L/usr/local/lib conftest.c -lncurses -lelf -lnsl   >&5
configure:14925: $? = 0
configure:14933: result: yes
configure:14956: checking for nl_langinfo(CODESET)
configure:14983: gcc -o conftest -g -O2   -L/usr/local/lib conftest.c -lncurses -lelf -lnsl   >&5
configure:14990: $? = 0
configure:14998: result: yes
configure:15016: checking for strtod in -lm
configure:15079: result: yes
configure:15090: checking for strtod() and other floating point functions
configure:15132: gcc -o conftest -g -O2   -L/usr/local/lib conftest.c -lm -lncurses -lelf -lnsl   >&5
configure:15139: $? = 0
configure:15147: result: yes
configure:15164: checking --disable-acl argument
configure:15174: result: no
configure:15176: checking for acl_get_file in -lposix1e
configure:15239: result: no
configure:15244: checking for acl_get_file in -lacl
configure:15307: result: yes
configure:15311: checking for fgetxattr in -lattr
configure:15374: result: yes
configure:15385: checking for POSIX ACL support
configure:15415: gcc -o conftest -g -O2   -L/usr/local/lib conftest.c -lm -lncurses -lelf -lnsl   -lacl -lattr >&5
configure:15422: $? = 0
configure:15430: result: yes
configure:15447: checking for Solaris ACL support
configure:15474: gcc -o conftest -g -O2   -L/usr/local/lib conftest.c -lm -lncurses -lelf -lnsl   -lacl -lattr >&5
conftest.c: In function 'main':
conftest.c:128:12: error: 'GETACLCNT' undeclared (first use in this function)
conftest.c:128:12: note: each undeclared identifier is reported only once for each function it appears in
conftest.c:128:26: error: 'NULL' undeclared (first use in this function)
configure:15481: $? = 1
configure: failed program was:
| /* confdefs.h.  */
| #define PACKAGE_NAME ""
| #define PACKAGE_TARNAME ""
| #define PACKAGE_VERSION ""
| #define PACKAGE_STRING ""
| #define PACKAGE_BUGREPORT ""
| #define UNIX 1
| #define STDC_HEADERS 1
| #define HAVE_SYS_WAIT_H 1
| #define FEAT_NORMAL 1
| #define USE_XSMP_INTERACT 1
| #define FEAT_PYTHON 1
| #define HAVE_LIBNSL 1
| #define FEAT_NETBEANS_INTG 1
| #define HAVE_X11 1
| #define HAVE_GTK2 1
| #define HAVE_GTK_MULTIHEAD 1
| #define HAVE_X11_SM_SMLIB_H 1
| #define HAVE_X11_XPM_H 1
| #define HAVE_X11_SUNKEYSYM_H 1
| #define FEAT_XIM 1
| #define HAVE_DATE_TIME 1
| #define HAVE_ATTRIBUTE_UNUSED 1
| #define HAVE_LIBELF 1
| #define HAVE_DIRENT_H 1
| #define HAVE_STDARG_H 1
| #define HAVE_STDLIB_H 1
| #define HAVE_STRING_H 1
| #define HAVE_SYS_SELECT_H 1
| #define HAVE_SYS_UTSNAME_H 1
| #define HAVE_TERMCAP_H 1
| #define HAVE_FCNTL_H 1
| #define HAVE_SGTTY_H 1
| #define HAVE_SYS_IOCTL_H 1
| #define HAVE_SYS_TIME_H 1
| #define HAVE_SYS_TYPES_H 1
| #define HAVE_TERMIO_H 1
| #define HAVE_ICONV_H 1
| #define HAVE_LANGINFO_H 1
| #define HAVE_MATH_H 1
| #define HAVE_UNISTD_H 1
| #define HAVE_STROPTS_H 1
| #define HAVE_ERRNO_H 1
| #define HAVE_SYS_RESOURCE_H 1
| #define HAVE_LOCALE_H 1
| #define HAVE_TERMIOS_H 1
| #define HAVE_SYS_STATFS_H 1
| #define HAVE_POLL_H 1
| #define HAVE_SYS_POLL_H 1
| #define HAVE_PWD_H 1
| #define HAVE_UTIME_H 1
| #define HAVE_SYS_PARAM_H 1
| #define HAVE_LIBINTL_H 1
| #define HAVE_LIBGEN_H 1
| #define HAVE_SYS_ACL_H 1
| #define HAVE_SYS_SYSINFO_H 1
| #define HAVE_WCHAR_H 1
| #define HAVE_WCTYPE_H 1
| #define HAVE_SYS_SYSCTL_H 1
| #define HAVE_STRINGS_H 1
| #define TIME_WITH_SYS_TIME 1
| #define HAVE_LIBNCURSES 1
| #define TERMINFO 1
| #define TGETENT_ZERO_ERR 0
| #define HAVE_OSPEED 1
| #define HAVE_UP_BC_PC 1
| #define SYS_SELECT_WITH_SYS_TIME 1
| #define HAVE_SVR4_PTYS 1
| #define RETSIGTYPE void
| #define SIGRETURN return
| #define HAVE_SIGCONTEXT 1
| #define HAVE_BCMP 1
| #define HAVE_FCHDIR 1
| #define HAVE_FCHOWN 1
| #define HAVE_FSYNC 1
| #define HAVE_GETCWD 1
| #define HAVE_GETPWNAM 1
| #define HAVE_GETPWUID 1
| #define HAVE_GETRLIMIT 1
| #define HAVE_GETTIMEOFDAY 1
| #define HAVE_GETWD 1
| #define HAVE_LSTAT 1
| #define HAVE_MEMCMP 1
| #define HAVE_MEMSET 1
| #define HAVE_MKDTEMP 1
| #define HAVE_NANOSLEEP 1
| #define HAVE_OPENDIR 1
| #define HAVE_PUTENV 1
| #define HAVE_QSORT 1
| #define HAVE_READLINK 1
| #define HAVE_SELECT 1
| #define HAVE_SETENV 1
| #define HAVE_SETPGID 1
| #define HAVE_SETSID 1
| #define HAVE_SIGALTSTACK 1
| #define HAVE_SIGSTACK 1
| #define HAVE_SIGSET 1
| #define HAVE_SIGACTION 1
| #define HAVE_SIGVEC 1
| #define HAVE_STRCASECMP 1
| #define HAVE_STRERROR 1
| #define HAVE_STRFTIME 1
| #define HAVE_STRNCASECMP 1
| #define HAVE_STRPBRK 1
| #define HAVE_STRTOL 1
| #define HAVE_TGETENT 1
| #define HAVE_TOWLOWER 1
| #define HAVE_TOWUPPER 1
| #define HAVE_ISWUPPER 1
| #define HAVE_USLEEP 1
| #define HAVE_UTIME 1
| #define HAVE_UTIMES 1
| #define HAVE_FSEEKO 1
| #define HAVE_ST_BLKSIZE 1
| #define HAVE_ICONV 1
| #define HAVE_NL_LANGINFO_CODESET 1
| #define HAVE_LIBM 1
| #define HAVE_FLOAT_FUNCS 1
| #define HAVE_POSIX_ACL 1
| /* end confdefs.h.  */
| 
| #ifdef HAVE_SYS_ACL_H
| # include <sys/acl.h>
| #endif
| int
| main ()
| {
| acl("foo", GETACLCNT, 0, NULL);
| 
|   ;
|   return 0;
| }
configure:15498: result: no
configure:15506: checking for AIX ACL support
configure:15548: gcc -o conftest -g -O2   -L/usr/local/lib conftest.c -lm -lncurses -lelf -lnsl   -lacl -lattr >&5
conftest.c: In function 'main':
conftest.c:141:18: error: invalid application of 'sizeof' to incomplete type 'struct acl' 
conftest.c:143:17: error: 'STX_NORMAL' undeclared (first use in this function)
conftest.c:143:17: note: each undeclared identifier is reported only once for each function it appears in
configure:15555: $? = 1
configure: failed program was:
| /* confdefs.h.  */
| #define PACKAGE_NAME ""
| #define PACKAGE_TARNAME ""
| #define PACKAGE_VERSION ""
| #define PACKAGE_STRING ""
| #define PACKAGE_BUGREPORT ""
| #define UNIX 1
| #define STDC_HEADERS 1
| #define HAVE_SYS_WAIT_H 1
| #define FEAT_NORMAL 1
| #define USE_XSMP_INTERACT 1
| #define FEAT_PYTHON 1
| #define HAVE_LIBNSL 1
| #define FEAT_NETBEANS_INTG 1
| #define HAVE_X11 1
| #define HAVE_GTK2 1
| #define HAVE_GTK_MULTIHEAD 1
| #define HAVE_X11_SM_SMLIB_H 1
| #define HAVE_X11_XPM_H 1
| #define HAVE_X11_SUNKEYSYM_H 1
| #define FEAT_XIM 1
| #define HAVE_DATE_TIME 1
| #define HAVE_ATTRIBUTE_UNUSED 1
| #define HAVE_LIBELF 1
| #define HAVE_DIRENT_H 1
| #define HAVE_STDARG_H 1
| #define HAVE_STDLIB_H 1
| #define HAVE_STRING_H 1
| #define HAVE_SYS_SELECT_H 1
| #define HAVE_SYS_UTSNAME_H 1
| #define HAVE_TERMCAP_H 1
| #define HAVE_FCNTL_H 1
| #define HAVE_SGTTY_H 1
| #define HAVE_SYS_IOCTL_H 1
| #define HAVE_SYS_TIME_H 1
| #define HAVE_SYS_TYPES_H 1
| #define HAVE_TERMIO_H 1
| #define HAVE_ICONV_H 1
| #define HAVE_LANGINFO_H 1
| #define HAVE_MATH_H 1
| #define HAVE_UNISTD_H 1
| #define HAVE_STROPTS_H 1
| #define HAVE_ERRNO_H 1
| #define HAVE_SYS_RESOURCE_H 1
| #define HAVE_LOCALE_H 1
| #define HAVE_TERMIOS_H 1
| #define HAVE_SYS_STATFS_H 1
| #define HAVE_POLL_H 1
| #define HAVE_SYS_POLL_H 1
| #define HAVE_PWD_H 1
| #define HAVE_UTIME_H 1
| #define HAVE_SYS_PARAM_H 1
| #define HAVE_LIBINTL_H 1
| #define HAVE_LIBGEN_H 1
| #define HAVE_SYS_ACL_H 1
| #define HAVE_SYS_SYSINFO_H 1
| #define HAVE_WCHAR_H 1
| #define HAVE_WCTYPE_H 1
| #define HAVE_SYS_SYSCTL_H 1
| #define HAVE_STRINGS_H 1
| #define TIME_WITH_SYS_TIME 1
| #define HAVE_LIBNCURSES 1
| #define TERMINFO 1
| #define TGETENT_ZERO_ERR 0
| #define HAVE_OSPEED 1
| #define HAVE_UP_BC_PC 1
| #define SYS_SELECT_WITH_SYS_TIME 1
| #define HAVE_SVR4_PTYS 1
| #define RETSIGTYPE void
| #define SIGRETURN return
| #define HAVE_SIGCONTEXT 1
| #define HAVE_BCMP 1
| #define HAVE_FCHDIR 1
| #define HAVE_FCHOWN 1
| #define HAVE_FSYNC 1
| #define HAVE_GETCWD 1
| #define HAVE_GETPWNAM 1
| #define HAVE_GETPWUID 1
| #define HAVE_GETRLIMIT 1
| #define HAVE_GETTIMEOFDAY 1
| #define HAVE_GETWD 1
| #define HAVE_LSTAT 1
| #define HAVE_MEMCMP 1
| #define HAVE_MEMSET 1
| #define HAVE_MKDTEMP 1
| #define HAVE_NANOSLEEP 1
| #define HAVE_OPENDIR 1
| #define HAVE_PUTENV 1
| #define HAVE_QSORT 1
| #define HAVE_READLINK 1
| #define HAVE_SELECT 1
| #define HAVE_SETENV 1
| #define HAVE_SETPGID 1
| #define HAVE_SETSID 1
| #define HAVE_SIGALTSTACK 1
| #define HAVE_SIGSTACK 1
| #define HAVE_SIGSET 1
| #define HAVE_SIGACTION 1
| #define HAVE_SIGVEC 1
| #define HAVE_STRCASECMP 1
| #define HAVE_STRERROR 1
| #define HAVE_STRFTIME 1
| #define HAVE_STRNCASECMP 1
| #define HAVE_STRPBRK 1
| #define HAVE_STRTOL 1
| #define HAVE_TGETENT 1
| #define HAVE_TOWLOWER 1
| #define HAVE_TOWUPPER 1
| #define HAVE_ISWUPPER 1
| #define HAVE_USLEEP 1
| #define HAVE_UTIME 1
| #define HAVE_UTIMES 1
| #define HAVE_FSEEKO 1
| #define HAVE_ST_BLKSIZE 1
| #define HAVE_ICONV 1
| #define HAVE_NL_LANGINFO_CODESET 1
| #define HAVE_LIBM 1
| #define HAVE_FLOAT_FUNCS 1
| #define HAVE_POSIX_ACL 1
| /* end confdefs.h.  */
| 
| #if STDC_HEADERS
| # include <stdlib.h>
| # include <stddef.h>
| #endif
| #ifdef HAVE_SYS_ACL_H
| # include <sys/acl.h>
| #endif
| #ifdef HAVE_SYS_ACCESS_H
| # include <sys/access.h>
| #endif
| #define _ALL_SOURCE
| 
| #include <sys/stat.h>
| 
| int aclsize;
| struct acl *aclent;
| int
| main ()
| {
| aclsize = sizeof(struct acl);
| 	aclent = (void *)malloc(aclsize);
| 	statacl("foo", STX_NORMAL, aclent, aclsize);
| 
|   ;
|   return 0;
| }
configure:15572: result: no
configure:15584: checking --disable-gpm argument
configure:15595: result: no
configure:15597: checking for gpm
configure:15654: result: yes
configure:15668: checking --disable-sysmouse argument
configure:15679: result: no
configure:15681: checking for sysmouse
configure:15741: result: no
configure:15754: checking for FD_CLOEXEC
configure:15779: gcc -c -g -O2  conftest.c >&5
configure:15786: $? = 0
configure:15791: result: yes
configure:15806: checking for rename
configure:15829: gcc -o conftest -g -O2   -L/usr/local/lib conftest.c -lm -lncurses -lelf -lnsl   -lacl -lattr -lgpm >&5
configure:15836: $? = 0
configure:15844: result: yes
configure:15861: checking for sysctl
configure:15892: gcc -c -g -O2  conftest.c >&5
conftest.c: In function 'main':
conftest.c:132:11: error: 'CTL_HW' undeclared (first use in this function)
conftest.c:132:11: note: each undeclared identifier is reported only once for each function it appears in
conftest.c:133:11: error: 'HW_USERMEM' undeclared (first use in this function)
configure:15899: $? = 1
configure: failed program was:
| /* confdefs.h.  */
| #define PACKAGE_NAME ""
| #define PACKAGE_TARNAME ""
| #define PACKAGE_VERSION ""
| #define PACKAGE_STRING ""
| #define PACKAGE_BUGREPORT ""
| #define UNIX 1
| #define STDC_HEADERS 1
| #define HAVE_SYS_WAIT_H 1
| #define FEAT_NORMAL 1
| #define USE_XSMP_INTERACT 1
| #define FEAT_PYTHON 1
| #define HAVE_LIBNSL 1
| #define FEAT_NETBEANS_INTG 1
| #define HAVE_X11 1
| #define HAVE_GTK2 1
| #define HAVE_GTK_MULTIHEAD 1
| #define HAVE_X11_SM_SMLIB_H 1
| #define HAVE_X11_XPM_H 1
| #define HAVE_X11_SUNKEYSYM_H 1
| #define FEAT_XIM 1
| #define HAVE_DATE_TIME 1
| #define HAVE_ATTRIBUTE_UNUSED 1
| #define HAVE_LIBELF 1
| #define HAVE_DIRENT_H 1
| #define HAVE_STDARG_H 1
| #define HAVE_STDLIB_H 1
| #define HAVE_STRING_H 1
| #define HAVE_SYS_SELECT_H 1
| #define HAVE_SYS_UTSNAME_H 1
| #define HAVE_TERMCAP_H 1
| #define HAVE_FCNTL_H 1
| #define HAVE_SGTTY_H 1
| #define HAVE_SYS_IOCTL_H 1
| #define HAVE_SYS_TIME_H 1
| #define HAVE_SYS_TYPES_H 1
| #define HAVE_TERMIO_H 1
| #define HAVE_ICONV_H 1
| #define HAVE_LANGINFO_H 1
| #define HAVE_MATH_H 1
| #define HAVE_UNISTD_H 1
| #define HAVE_STROPTS_H 1
| #define HAVE_ERRNO_H 1
| #define HAVE_SYS_RESOURCE_H 1
| #define HAVE_LOCALE_H 1
| #define HAVE_TERMIOS_H 1
| #define HAVE_SYS_STATFS_H 1
| #define HAVE_POLL_H 1
| #define HAVE_SYS_POLL_H 1
| #define HAVE_PWD_H 1
| #define HAVE_UTIME_H 1
| #define HAVE_SYS_PARAM_H 1
| #define HAVE_LIBINTL_H 1
| #define HAVE_LIBGEN_H 1
| #define HAVE_SYS_ACL_H 1
| #define HAVE_SYS_SYSINFO_H 1
| #define HAVE_WCHAR_H 1
| #define HAVE_WCTYPE_H 1
| #define HAVE_SYS_SYSCTL_H 1
| #define HAVE_STRINGS_H 1
| #define TIME_WITH_SYS_TIME 1
| #define HAVE_LIBNCURSES 1
| #define TERMINFO 1
| #define TGETENT_ZERO_ERR 0
| #define HAVE_OSPEED 1
| #define HAVE_UP_BC_PC 1
| #define SYS_SELECT_WITH_SYS_TIME 1
| #define HAVE_SVR4_PTYS 1
| #define RETSIGTYPE void
| #define SIGRETURN return
| #define HAVE_SIGCONTEXT 1
| #define HAVE_BCMP 1
| #define HAVE_FCHDIR 1
| #define HAVE_FCHOWN 1
| #define HAVE_FSYNC 1
| #define HAVE_GETCWD 1
| #define HAVE_GETPWNAM 1
| #define HAVE_GETPWUID 1
| #define HAVE_GETRLIMIT 1
| #define HAVE_GETTIMEOFDAY 1
| #define HAVE_GETWD 1
| #define HAVE_LSTAT 1
| #define HAVE_MEMCMP 1
| #define HAVE_MEMSET 1
| #define HAVE_MKDTEMP 1
| #define HAVE_NANOSLEEP 1
| #define HAVE_OPENDIR 1
| #define HAVE_PUTENV 1
| #define HAVE_QSORT 1
| #define HAVE_READLINK 1
| #define HAVE_SELECT 1
| #define HAVE_SETENV 1
| #define HAVE_SETPGID 1
| #define HAVE_SETSID 1
| #define HAVE_SIGALTSTACK 1
| #define HAVE_SIGSTACK 1
| #define HAVE_SIGSET 1
| #define HAVE_SIGACTION 1
| #define HAVE_SIGVEC 1
| #define HAVE_STRCASECMP 1
| #define HAVE_STRERROR 1
| #define HAVE_STRFTIME 1
| #define HAVE_STRNCASECMP 1
| #define HAVE_STRPBRK 1
| #define HAVE_STRTOL 1
| #define HAVE_TGETENT 1
| #define HAVE_TOWLOWER 1
| #define HAVE_TOWUPPER 1
| #define HAVE_ISWUPPER 1
| #define HAVE_USLEEP 1
| #define HAVE_UTIME 1
| #define HAVE_UTIMES 1
| #define HAVE_FSEEKO 1
| #define HAVE_ST_BLKSIZE 1
| #define HAVE_ICONV 1
| #define HAVE_NL_LANGINFO_CODESET 1
| #define HAVE_LIBM 1
| #define HAVE_FLOAT_FUNCS 1
| #define HAVE_POSIX_ACL 1
| #define HAVE_GPM 1
| #define HAVE_FD_CLOEXEC 1
| #define HAVE_RENAME 1
| /* end confdefs.h.  */
| #include <sys/types.h>
| #include <sys/sysctl.h>
| int
| main ()
| {
| 	int mib[2], r;
| 	size_t len;
| 
| 	mib[0] = CTL_HW;
| 	mib[1] = HW_USERMEM;
| 	len = sizeof(r);
| 	(void)sysctl(mib, 2, &r, &len, (void *)0, (size_t)0);
| 
|   ;
|   return 0;
| }
configure:15913: result: not usable
configure:15919: checking for sysinfo
configure:15948: gcc -c -g -O2  conftest.c >&5
configure:15955: $? = 0
configure:15960: result: yes
configure:15975: checking for sysinfo.mem_unit
configure:16001: gcc -c -g -O2  conftest.c >&5
configure:16008: $? = 0
configure:16013: result: yes
configure:16028: checking for sysconf
configure:16053: gcc -c -g -O2  conftest.c >&5
configure:16060: $? = 0
configure:16065: result: yes
configure:16081: checking size of int
configure:16149: result: 4
configure:16179: checking whether memmove handles overlaps
configure:16237: result: yes
configure:16500: checking for _xpg4_setrunelocale in -lxpg4
configure:16563: result: no
configure:16570: checking how to create tags
Exuberant Ctags 5.8, Copyright (C) 1996-2009 Darren Hiebert
configure:16586: result: ctags -I INIT+ --fields=+S
configure:16589: checking how to run man with a section nr
configure:16593: result: man -s
configure:16602: checking --disable-nls argument
configure:16613: result: no
configure:16623: checking for msgfmt
configure:16650: result: msgfmt
configure:16658: checking for NLS
configure:16684: gcc -o conftest -g -O2   -L/usr/local/lib conftest.c -lm -lncurses -lelf -lnsl   -lacl -lattr -lgpm >&5
configure:16691: $? = 0
configure:16699: result: gettext() works
configure:16777: checking for bind_textdomain_codeset
configure:16862: result: yes
configure:16874: checking for _nl_msg_cat_cntr
configure:16898: gcc -o conftest -g -O2   -L/usr/local/lib conftest.c -lm -lncurses -lelf -lnsl   -lacl -lattr -lgpm >&5
configure:16905: $? = 0
configure:16913: result: yes
configure:16940: checking for dlfcn.h
configure:16945: result: yes
configure:17210: checking for dlopen()
configure:17236: gcc -o conftest -g -O2   -L/usr/local/lib conftest.c -lm -lncurses -lelf -lnsl   -lacl -lattr -lgpm >&5
/tmp/ccGTmrVM.o: In function `main':
/usr/local/src/vim7/src/conftest.c:140: undefined reference to `dlopen'
collect2: ld returned 1 exit status
configure:17243: $? = 1
configure: failed program was:
| /* confdefs.h.  */
| #define PACKAGE_NAME ""
| #define PACKAGE_TARNAME ""
| #define PACKAGE_VERSION ""
| #define PACKAGE_STRING ""
| #define PACKAGE_BUGREPORT ""
| #define UNIX 1
| #define STDC_HEADERS 1
| #define HAVE_SYS_WAIT_H 1
| #define FEAT_NORMAL 1
| #define USE_XSMP_INTERACT 1
| #define FEAT_PYTHON 1
| #define HAVE_LIBNSL 1
| #define FEAT_NETBEANS_INTG 1
| #define HAVE_X11 1
| #define HAVE_GTK2 1
| #define HAVE_GTK_MULTIHEAD 1
| #define HAVE_X11_SM_SMLIB_H 1
| #define HAVE_X11_XPM_H 1
| #define HAVE_X11_SUNKEYSYM_H 1
| #define FEAT_XIM 1
| #define HAVE_DATE_TIME 1
| #define HAVE_ATTRIBUTE_UNUSED 1
| #define HAVE_LIBELF 1
| #define HAVE_DIRENT_H 1
| #define HAVE_STDARG_H 1
| #define HAVE_STDLIB_H 1
| #define HAVE_STRING_H 1
| #define HAVE_SYS_SELECT_H 1
| #define HAVE_SYS_UTSNAME_H 1
| #define HAVE_TERMCAP_H 1
| #define HAVE_FCNTL_H 1
| #define HAVE_SGTTY_H 1
| #define HAVE_SYS_IOCTL_H 1
| #define HAVE_SYS_TIME_H 1
| #define HAVE_SYS_TYPES_H 1
| #define HAVE_TERMIO_H 1
| #define HAVE_ICONV_H 1
| #define HAVE_LANGINFO_H 1
| #define HAVE_MATH_H 1
| #define HAVE_UNISTD_H 1
| #define HAVE_STROPTS_H 1
| #define HAVE_ERRNO_H 1
| #define HAVE_SYS_RESOURCE_H 1
| #define HAVE_LOCALE_H 1
| #define HAVE_TERMIOS_H 1
| #define HAVE_SYS_STATFS_H 1
| #define HAVE_POLL_H 1
| #define HAVE_SYS_POLL_H 1
| #define HAVE_PWD_H 1
| #define HAVE_UTIME_H 1
| #define HAVE_SYS_PARAM_H 1
| #define HAVE_LIBINTL_H 1
| #define HAVE_LIBGEN_H 1
| #define HAVE_SYS_ACL_H 1
| #define HAVE_SYS_SYSINFO_H 1
| #define HAVE_WCHAR_H 1
| #define HAVE_WCTYPE_H 1
| #define HAVE_SYS_SYSCTL_H 1
| #define HAVE_STRINGS_H 1
| #define TIME_WITH_SYS_TIME 1
| #define HAVE_LIBNCURSES 1
| #define TERMINFO 1
| #define TGETENT_ZERO_ERR 0
| #define HAVE_OSPEED 1
| #define HAVE_UP_BC_PC 1
| #define SYS_SELECT_WITH_SYS_TIME 1
| #define HAVE_SVR4_PTYS 1
| #define RETSIGTYPE void
| #define SIGRETURN return
| #define HAVE_SIGCONTEXT 1
| #define HAVE_BCMP 1
| #define HAVE_FCHDIR 1
| #define HAVE_FCHOWN 1
| #define HAVE_FSYNC 1
| #define HAVE_GETCWD 1
| #define HAVE_GETPWNAM 1
| #define HAVE_GETPWUID 1
| #define HAVE_GETRLIMIT 1
| #define HAVE_GETTIMEOFDAY 1
| #define HAVE_GETWD 1
| #define HAVE_LSTAT 1
| #define HAVE_MEMCMP 1
| #define HAVE_MEMSET 1
| #define HAVE_MKDTEMP 1
| #define HAVE_NANOSLEEP 1
| #define HAVE_OPENDIR 1
| #define HAVE_PUTENV 1
| #define HAVE_QSORT 1
| #define HAVE_READLINK 1
| #define HAVE_SELECT 1
| #define HAVE_SETENV 1
| #define HAVE_SETPGID 1
| #define HAVE_SETSID 1
| #define HAVE_SIGALTSTACK 1
| #define HAVE_SIGSTACK 1
| #define HAVE_SIGSET 1
| #define HAVE_SIGACTION 1
| #define HAVE_SIGVEC 1
| #define HAVE_STRCASECMP 1
| #define HAVE_STRERROR 1
| #define HAVE_STRFTIME 1
| #define HAVE_STRNCASECMP 1
| #define HAVE_STRPBRK 1
| #define HAVE_STRTOL 1
| #define HAVE_TGETENT 1
| #define HAVE_TOWLOWER 1
| #define HAVE_TOWUPPER 1
| #define HAVE_ISWUPPER 1
| #define HAVE_USLEEP 1
| #define HAVE_UTIME 1
| #define HAVE_UTIMES 1
| #define HAVE_FSEEKO 1
| #define HAVE_ST_BLKSIZE 1
| #define HAVE_ICONV 1
| #define HAVE_NL_LANGINFO_CODESET 1
| #define HAVE_LIBM 1
| #define HAVE_FLOAT_FUNCS 1
| #define HAVE_POSIX_ACL 1
| #define HAVE_GPM 1
| #define HAVE_FD_CLOEXEC 1
| #define HAVE_RENAME 1
| #define HAVE_SYSINFO 1
| #define HAVE_SYSINFO_MEM_UNIT 1
| #define HAVE_SYSCONF 1
| #define SIZEOF_INT 4
| #define USEMEMMOVE 1
| #define USEMAN_S 1
| #define HAVE_GETTEXT 1
| #define HAVE_BIND_TEXTDOMAIN_CODESET 1
| #define HAVE_NL_MSG_CAT_CNTR 1
| #define HAVE_DLFCN_H 1
| /* end confdefs.h.  */
| 
| int
| main ()
| {
| 
| 		extern void* dlopen();
| 		dlopen();
| 
|   ;
|   return 0;
| }
configure:17262: result: no
configure:17264: checking for dlopen() in -ldl
configure:17292: gcc -o conftest -g -O2   -L/usr/local/lib conftest.c -lm -lncurses -lelf -lnsl   -lacl -lattr -lgpm -ldl >&5
configure:17299: $? = 0
configure:17307: result: yes
configure:17331: checking for dlsym()
configure:17357: gcc -o conftest -g -O2   -L/usr/local/lib conftest.c -lm -lncurses -lelf -lnsl   -lacl -lattr -lgpm -ldl >&5
configure:17364: $? = 0
configure:17372: result: yes
configure:17585: checking for setjmp.h
configure:17592: result: yes
configure:17754: checking for GCC 3 or later
configure:17759: result: yes
configure:17765: checking whether we need -D_FORTIFY_SOURCE=1
configure:17769: result: yes
configure:17882: creating auto/config.status

## ---------------------- ##
## Running config.status. ##
## ---------------------- ##

This file was extended by config.status, which was
generated by GNU Autoconf 2.63.  Invocation command line was

  CONFIG_FILES    = 
  CONFIG_HEADERS  = 
  CONFIG_LINKS    = 
  CONFIG_COMMANDS = 
  $ auto/config.status 

on d4rKb0x

config.status:933: creating auto/config.mk
config.status:933: creating auto/config.h
config.status:1144: auto/config.h is unchanged

## ---------------- ##
## Cache variables. ##
## ---------------- ##

ac_cv_c_compiler_gnu=yes
ac_cv_c_const=yes
ac_cv_c_volatile=yes
ac_cv_env_CC_set=
ac_cv_env_CC_value=
ac_cv_env_CFLAGS_set=
ac_cv_env_CFLAGS_value=
ac_cv_env_CPPFLAGS_set=
ac_cv_env_CPPFLAGS_value=
ac_cv_env_CPP_set=
ac_cv_env_CPP_value=
ac_cv_env_LDFLAGS_set=
ac_cv_env_LDFLAGS_value=
ac_cv_env_LIBS_set=
ac_cv_env_LIBS_value=
ac_cv_env_XMKMF_set=
ac_cv_env_XMKMF_value=
ac_cv_env_build_alias_set=
ac_cv_env_build_alias_value=
ac_cv_env_host_alias_set=
ac_cv_env_host_alias_value=
ac_cv_env_target_alias_set=
ac_cv_env_target_alias_value=
ac_cv_func_bcmp=yes
ac_cv_func_bind_textdomain_codeset=yes
ac_cv_func_connect=yes
ac_cv_func_fchdir=yes
ac_cv_func_fchown=yes
ac_cv_func_fsync=yes
ac_cv_func_getcwd=yes
ac_cv_func_gethostbyname=yes
ac_cv_func_getpseudotty=no
ac_cv_func_getpwnam=yes
ac_cv_func_getpwuid=yes
ac_cv_func_getrlimit=yes
ac_cv_func_gettimeofday=yes
ac_cv_func_getwd=yes
ac_cv_func_iswupper=yes
ac_cv_func_lstat=yes
ac_cv_func_memcmp=yes
ac_cv_func_memset=yes
ac_cv_func_mkdtemp=yes
ac_cv_func_nanosleep=yes
ac_cv_func_opendir=yes
ac_cv_func_putenv=yes
ac_cv_func_qsort=yes
ac_cv_func_readlink=yes
ac_cv_func_remove=yes
ac_cv_func_select=yes
ac_cv_func_setenv=yes
ac_cv_func_setpgid=yes
ac_cv_func_setsid=yes
ac_cv_func_shmat=yes
ac_cv_func_sigaction=yes
ac_cv_func_sigaltstack=yes
ac_cv_func_sigset=yes
ac_cv_func_sigsetjmp=no
ac_cv_func_sigstack=yes
ac_cv_func_sigvec=yes
ac_cv_func_strcasecmp=yes
ac_cv_func_strerror=yes
ac_cv_func_strftime=yes
ac_cv_func_stricmp=no
ac_cv_func_strncasecmp=yes
ac_cv_func_strnicmp=no
ac_cv_func_strpbrk=yes
ac_cv_func_strtol=yes
ac_cv_func_tgetent=yes
ac_cv_func_towlower=yes
ac_cv_func_towupper=yes
ac_cv_func_usleep=yes
ac_cv_func_utime=yes
ac_cv_func_utimes=yes
ac_cv_have_x='have_x=yes	ac_x_includes='\'''\''	ac_x_libraries='\'''\'''
ac_cv_header_X11_SM_SMlib_h=yes
ac_cv_header_X11_Sunkeysym_h=yes
ac_cv_header_X11_xpm_h=yes
ac_cv_header_dirent_dirent_h=yes
ac_cv_header_dlfcn_h=yes
ac_cv_header_elf_h=yes
ac_cv_header_errno_h=yes
ac_cv_header_fcntl_h=yes
ac_cv_header_frame_h=no
ac_cv_header_iconv_h=yes
ac_cv_header_langinfo_h=yes
ac_cv_header_libc_h=no
ac_cv_header_libgen_h=yes
ac_cv_header_libintl_h=yes
ac_cv_header_locale_h=yes
ac_cv_header_math_h=yes
ac_cv_header_poll_h=yes
ac_cv_header_pwd_h=yes
ac_cv_header_setjmp_h=yes
ac_cv_header_sgtty_h=yes
ac_cv_header_stdarg_h=yes
ac_cv_header_stdc=yes
ac_cv_header_stdlib_h=yes
ac_cv_header_string_h=yes
ac_cv_header_strings_h=yes
ac_cv_header_stropts_h=yes
ac_cv_header_sys_access_h=no
ac_cv_header_sys_acl_h=yes
ac_cv_header_sys_ioctl_h=yes
ac_cv_header_sys_param_h=yes
ac_cv_header_sys_poll_h=yes
ac_cv_header_sys_ptem_h=no
ac_cv_header_sys_resource_h=yes
ac_cv_header_sys_select_h=yes
ac_cv_header_sys_statfs_h=yes
ac_cv_header_sys_stream_h=no
ac_cv_header_sys_sysctl_h=yes
ac_cv_header_sys_sysinfo_h=yes
ac_cv_header_sys_systeminfo_h=no
ac_cv_header_sys_time_h=yes
ac_cv_header_sys_types_h=yes
ac_cv_header_sys_utsname_h=yes
ac_cv_header_sys_wait_h=yes
ac_cv_header_termcap_h=yes
ac_cv_header_termio_h=yes
ac_cv_header_termios_h=yes
ac_cv_header_time=yes
ac_cv_header_unistd_h=yes
ac_cv_header_util_debug_h=no
ac_cv_header_util_msg18n_h=no
ac_cv_header_utime_h=yes
ac_cv_header_wchar_h=yes
ac_cv_header_wctype_h=yes
ac_cv_lib_ICE_IceConnectionNumber=yes
ac_cv_lib_ICE_IceOpenConnection=yes
ac_cv_lib_Xdmcp__XdmcpAuthDoIt=yes
ac_cv_lib_Xpm_XpmCreatePixmapFromData=yes
ac_cv_lib_acl_acl_get_file=yes
ac_cv_lib_attr_fgetxattr=yes
ac_cv_lib_elf_main=yes
ac_cv_lib_m_strtod=yes
ac_cv_lib_ncurses___tgetent=yes
ac_cv_lib_nsl_gethostbyname=yes
ac_cv_lib_posix1e_acl_get_file=no
ac_cv_lib_selinux_is_selinux_enabled=no
ac_cv_lib_socket_socket=no
ac_cv_lib_xpg4__xpg4_setrunelocale=no
ac_cv_objext=o
ac_cv_path_EGREP='/bin/grep -E'
ac_cv_path_GREP=/bin/grep
ac_cv_path_GTK_CONFIG=/usr/bin/gtk-config
ac_cv_path_PKG_CONFIG=/usr/bin/pkg-config
ac_cv_path_vi_cv_path_python=/usr/bin/python
ac_cv_prog_AWK=gawk
ac_cv_prog_CPP='gcc -E'
ac_cv_prog_MSGFMT=msgfmt
ac_cv_prog_STRIP=strip
ac_cv_prog_ac_ct_CC=gcc
ac_cv_prog_cc_c89=
ac_cv_prog_cc_g=yes
ac_cv_prog_gcc_traditional=no
ac_cv_prog_make_make_set=yes
ac_cv_search_opendir='none required'
ac_cv_search_strerror='none required'
ac_cv_sizeof_int=4
ac_cv_small_wchar_t=no
ac_cv_sys_file_offset_bits=no
ac_cv_sys_largefile_CC=no
ac_cv_sys_largefile_source=no
ac_cv_type_dev_t=yes
ac_cv_type_ino_t=yes
ac_cv_type_mode_t=yes
ac_cv_type_off_t=yes
ac_cv_type_pid_t=yes
ac_cv_type_rlim_t=yes
ac_cv_type_signal=void
ac_cv_type_size_t=yes
ac_cv_type_stack_t=yes
ac_cv_type_uid_t=yes
cf_cv_ebcdic=no
vi_cv_have_gpm=yes
vi_cv_have_sysmouse=no
vi_cv_path_python=/usr/bin/python
vi_cv_path_python_conf=/usr/lib/python2.7/config
vi_cv_path_python_epfx=/usr
vi_cv_path_python_pfx=/usr
vi_cv_path_python_plibs='-L/usr/lib/python2.7/config -lpython2.7 -lpthread -ldl -lutil -lm -Xlinker -export-dynamic'
vi_cv_path_pythonpath=:/usr/lib/python27.zip:/usr/lib/python2.7:/usr/lib/python2.7/plat-linux2:/usr/lib/python2.7/lib-tk:/usr/lib/python2.7/lib-old:/usr/lib/python2.7/lib-dynload:/usr/lib/python2.7/site-packages:/usr/lib/python2.7/site-packages/gst-0.10:/usr/lib/python2.7/site-packages/gtk-2.0:/usr/lib/python2.7/site-packages/setuptools-0.6c11.egg-info
vi_cv_var_python_version=2.7
vim_cv_getcwd_broken=no
vim_cv_memmove_handles_overlap=yes
vim_cv_stat_ignores_slash=no
vim_cv_terminfo=yes
vim_cv_tgent=zero
vim_cv_toupper_broken=no
vim_cv_tty_group=world

## ----------------- ##
## Output variables. ##
## ----------------- ##

AWK='gawk'
CC='gcc'
CFLAGS='-g -O2 -D_FORTIFY_SOURCE=1'
CPP='gcc -E'
CPPFLAGS=''
CPP_MM='M'
DEFS='-DHAVE_CONFIG_H'
DEPEND_CFLAGS_FILTER='| sed '\''s+-I */+-isystem /+g'\'''
ECHO_C=''
ECHO_N='-n'
ECHO_T=''
EGREP='/bin/grep -E'
EXEEXT=''
EXNAME='ex'
GNOME_CONFIG=''
GNOME_INCLUDEDIR=''
GNOME_LIBDIR=''
GNOME_LIBS=''
GREP='/bin/grep'
GTK12_CONFIG=''
GTK_CFLAGS='-pthread -I/usr/include/gtk-2.0 -I/usr/lib/gtk-2.0/include -I/usr/include/atk-1.0 -I/usr/include/cairo -I/usr/include/gdk-pixbuf-2.0 -I/usr/include/pango-1.0 -I/usr/include/glib-2.0 -I/usr/lib/glib-2.0/include -I/usr/include/pixman-1 -I/usr/include/freetype2 -I/usr/include/libpng14  '
GTK_CONFIG='/usr/bin/gtk-config'
GTK_LIBNAME='-pthread -lgtk-x11-2.0 -lgdk-x11-2.0 -latk-1.0 -lgio-2.0 -lpangoft2-1.0 -lpangocairo-1.0 -lgdk_pixbuf-2.0 -lm -lcairo -lpng14 -lpango-1.0 -lfreetype -lfontconfig -lgobject-2.0 -lgmodule-2.0 -lgthread-2.0 -lrt -lglib-2.0  '
GTK_LIBS='-pthread -lgtk-x11-2.0 -lgdk-x11-2.0 -latk-1.0 -lgio-2.0 -lpangoft2-1.0 -lpangocairo-1.0 -lgdk_pixbuf-2.0 -lm -lcairo -lpng14 -lpango-1.0 -lfreetype -lfontconfig -lgobject-2.0 -lgmodule-2.0 -lgthread-2.0 -lrt -lglib-2.0  '
GUITYPE='GTK'
GUI_INC_LOC='-pthread -I/usr/include/gtk-2.0 -I/usr/lib/gtk-2.0/include -I/usr/include/atk-1.0 -I/usr/include/cairo -I/usr/include/gdk-pixbuf-2.0 -I/usr/include/pango-1.0 -I/usr/include/glib-2.0 -I/usr/lib/glib-2.0/include -I/usr/include/pixman-1 -I/usr/include/freetype2 -I/usr/include/libpng14  '
GUI_LIB_LOC=' '
GUI_X_LIBS=''
HANGULIN_OBJ=''
HANGULIN_SRC=''
INSTALL_LANGS='install-languages'
INSTALL_TOOL_LANGS='install-tool-languages'
LDFLAGS=' -L/usr/local/lib'
LIBOBJS=''
LIBS='-lm -lncurses -lelf -lnsl   -lacl -lattr -lgpm -ldl'
LTLIBOBJS=''
MAKEMO='yes'
MOTIF_LIBNAME=''
MSGFMT='msgfmt'
MZSCHEME_CFLAGS=''
MZSCHEME_EXTRA=''
MZSCHEME_LIBS=''
MZSCHEME_MZC=''
MZSCHEME_OBJ=''
MZSCHEME_PRO=''
MZSCHEME_SRC=''
NARROW_PROTO=''
NETBEANS_OBJ='objects/netbeans.o'
NETBEANS_SRC='netbeans.c'
OBJEXT='o'
OS_EXTRA_OBJ=''
OS_EXTRA_SRC=''
PACKAGE_BUGREPORT=''
PACKAGE_NAME=''
PACKAGE_STRING=''
PACKAGE_TARNAME=''
PACKAGE_VERSION=''
PATH_SEPARATOR=':'
PERL_CFLAGS=''
PERL_LIBS=''
PERL_OBJ=''
PERL_PRO=''
PERL_SRC=''
PKG_CONFIG='/usr/bin/pkg-config'
PYTHON_CFLAGS='-I/usr/include/python2.7 -pthread'
PYTHON_CONFDIR='/usr/lib/python2.7/config'
PYTHON_GETPATH_CFLAGS='-DPYTHONPATH='\''":/usr/lib/python27.zip:/usr/lib/python2.7:/usr/lib/python2.7/plat-linux2:/usr/lib/python2.7/lib-tk:/usr/lib/python2.7/lib-old:/usr/lib/python2.7/lib-dynload:/usr/lib/python2.7/site-packages:/usr/lib/python2.7/site-packages/gst-0.10:/usr/lib/python2.7/site-packages/gtk-2.0:/usr/lib/python2.7/site-packages/setuptools-0.6c11.egg-info"'\'' -DPREFIX='\''"/usr"'\'' -DEXEC_PREFIX='\''"/usr"'\'''
PYTHON_LIBS='-L/usr/lib/python2.7/config -lpython2.7 -lpthread -ldl -lutil -lm -Xlinker -export-dynamic'
PYTHON_OBJ='objects/if_python.o objects/py_config.o'
PYTHON_SRC='if_python.c'
RUBY_CFLAGS=''
RUBY_LIBS=''
RUBY_OBJ=''
RUBY_PRO=''
RUBY_SRC=''
SET_MAKE=''
SHELL='/bin/sh'
SNIFF_OBJ=''
SNIFF_SRC=''
STRIP='strip'
TAGPRG='ctags -I INIT+ --fields=+S'
TCL_CFLAGS=''
TCL_LIBS=''
TCL_OBJ=''
TCL_PRO=''
TCL_SRC=''
VIEWNAME='view'
VIMNAME='vim'
WORKSHOP_OBJ=''
WORKSHOP_SRC=''
XCODE_SELECT=''
XMKMF=''
X_CFLAGS=' '
X_EXTRA_LIBS=' -lXdmcp -lSM -lICE'
X_LIB='-lXt -lX11'
X_LIBS=' '
X_PRE_LIBS=' -lSM -lICE -lXpm'
ac_ct_CC='gcc'
bindir='${exec_prefix}/bin'
build_alias=''
compiledby=''
datadir='${datarootdir}'
datarootdir='${prefix}/share'
docdir='${datarootdir}/doc/${PACKAGE}'
dogvimdiff='installgvimdiff'
dovimdiff='installvimdiff'
dvidir='${docdir}'
exec_prefix='${prefix}'
host_alias=''
htmldir='${docdir}'
includedir='${prefix}/include'
infodir='${datarootdir}/info'
libdir='${exec_prefix}/lib'
libexecdir='${exec_prefix}/libexec'
line_break='"\\012"'
localedir='${datarootdir}/locale'
localstatedir='${prefix}/var'
mandir='${datarootdir}/man'
oldincludedir='/usr/include'
pdfdir='${docdir}'
prefix='/usr/local'
program_transform_name='s,x,x,'
psdir='${docdir}'
sbindir='${exec_prefix}/sbin'
sharedstatedir='${prefix}/com'
shrpenv=''
sysconfdir='${prefix}/etc'
target_alias=''
vi_cv_path_mzscheme=''
vi_cv_path_perl=''
vi_cv_path_python='/usr/bin/python'
vi_cv_path_ruby=''
vi_cv_path_tcl=''
vi_cv_perllib=''
xmkmfpath=''

## ----------- ##
## confdefs.h. ##
## ----------- ##

#define PACKAGE_NAME ""
#define PACKAGE_TARNAME ""
#define PACKAGE_VERSION ""
#define PACKAGE_STRING ""
#define PACKAGE_BUGREPORT ""
#define UNIX 1
#define STDC_HEADERS 1
#define HAVE_SYS_WAIT_H 1
#define FEAT_NORMAL 1
#define USE_XSMP_INTERACT 1
#define FEAT_PYTHON 1
#define HAVE_LIBNSL 1
#define FEAT_NETBEANS_INTG 1
#define HAVE_X11 1
#define HAVE_GTK2 1
#define HAVE_GTK_MULTIHEAD 1
#define HAVE_X11_SM_SMLIB_H 1
#define HAVE_X11_XPM_H 1
#define HAVE_X11_SUNKEYSYM_H 1
#define FEAT_XIM 1
#define HAVE_DATE_TIME 1
#define HAVE_ATTRIBUTE_UNUSED 1
#define HAVE_LIBELF 1
#define HAVE_DIRENT_H 1
#define HAVE_STDARG_H 1
#define HAVE_STDLIB_H 1
#define HAVE_STRING_H 1
#define HAVE_SYS_SELECT_H 1
#define HAVE_SYS_UTSNAME_H 1
#define HAVE_TERMCAP_H 1
#define HAVE_FCNTL_H 1
#define HAVE_SGTTY_H 1
#define HAVE_SYS_IOCTL_H 1
#define HAVE_SYS_TIME_H 1
#define HAVE_SYS_TYPES_H 1
#define HAVE_TERMIO_H 1
#define HAVE_ICONV_H 1
#define HAVE_LANGINFO_H 1
#define HAVE_MATH_H 1
#define HAVE_UNISTD_H 1
#define HAVE_STROPTS_H 1
#define HAVE_ERRNO_H 1
#define HAVE_SYS_RESOURCE_H 1
#define HAVE_LOCALE_H 1
#define HAVE_TERMIOS_H 1
#define HAVE_SYS_STATFS_H 1
#define HAVE_POLL_H 1
#define HAVE_SYS_POLL_H 1
#define HAVE_PWD_H 1
#define HAVE_UTIME_H 1
#define HAVE_SYS_PARAM_H 1
#define HAVE_LIBINTL_H 1
#define HAVE_LIBGEN_H 1
#define HAVE_SYS_ACL_H 1
#define HAVE_SYS_SYSINFO_H 1
#define HAVE_WCHAR_H 1
#define HAVE_WCTYPE_H 1
#define HAVE_SYS_SYSCTL_H 1
#define HAVE_STRINGS_H 1
#define TIME_WITH_SYS_TIME 1
#define HAVE_LIBNCURSES 1
#define TERMINFO 1
#define TGETENT_ZERO_ERR 0
#define HAVE_OSPEED 1
#define HAVE_UP_BC_PC 1
#define SYS_SELECT_WITH_SYS_TIME 1
#define HAVE_SVR4_PTYS 1
#define RETSIGTYPE void
#define SIGRETURN return
#define HAVE_SIGCONTEXT 1
#define HAVE_BCMP 1
#define HAVE_FCHDIR 1
#define HAVE_FCHOWN 1
#define HAVE_FSYNC 1
#define HAVE_GETCWD 1
#define HAVE_GETPWNAM 1
#define HAVE_GETPWUID 1
#define HAVE_GETRLIMIT 1
#define HAVE_GETTIMEOFDAY 1
#define HAVE_GETWD 1
#define HAVE_LSTAT 1
#define HAVE_MEMCMP 1
#define HAVE_MEMSET 1
#define HAVE_MKDTEMP 1
#define HAVE_NANOSLEEP 1
#define HAVE_OPENDIR 1
#define HAVE_PUTENV 1
#define HAVE_QSORT 1
#define HAVE_READLINK 1
#define HAVE_SELECT 1
#define HAVE_SETENV 1
#define HAVE_SETPGID 1
#define HAVE_SETSID 1
#define HAVE_SIGALTSTACK 1
#define HAVE_SIGSTACK 1
#define HAVE_SIGSET 1
#define HAVE_SIGACTION 1
#define HAVE_SIGVEC 1
#define HAVE_STRCASECMP 1
#define HAVE_STRERROR 1
#define HAVE_STRFTIME 1
#define HAVE_STRNCASECMP 1
#define HAVE_STRPBRK 1
#define HAVE_STRTOL 1
#define HAVE_TGETENT 1
#define HAVE_TOWLOWER 1
#define HAVE_TOWUPPER 1
#define HAVE_ISWUPPER 1
#define HAVE_USLEEP 1
#define HAVE_UTIME 1
#define HAVE_UTIMES 1
#define HAVE_FSEEKO 1
#define HAVE_ST_BLKSIZE 1
#define HAVE_ICONV 1
#define HAVE_NL_LANGINFO_CODESET 1
#define HAVE_LIBM 1
#define HAVE_FLOAT_FUNCS 1
#define HAVE_POSIX_ACL 1
#define HAVE_GPM 1
#define HAVE_FD_CLOEXEC 1
#define HAVE_RENAME 1
#define HAVE_SYSINFO 1
#define HAVE_SYSINFO_MEM_UNIT 1
#define HAVE_SYSCONF 1
#define SIZEOF_INT 4
#define USEMEMMOVE 1
#define USEMAN_S 1
#define HAVE_GETTEXT 1
#define HAVE_BIND_TEXTDOMAIN_CODESET 1
#define HAVE_NL_MSG_CAT_CNTR 1
#define HAVE_DLFCN_H 1
#define HAVE_DLOPEN 1
#define HAVE_DLSYM 1
#define HAVE_SETJMP_H 1

configure: exit 0
